# Iteration 1 Log

## Metadata

- **Task ID**: quick-capture-66h.2
- **Task Title**: US-001: Karakeep HTTP client and tests
- **Description**: Create src/quick_capture/karakeep.py with dispatch_reference_to_karakeep and sync_reference_to_karakeep, plus tests/test_karakeep.py.

## Acceptance Criteria
- [ ] dispatch_reference_to_karakeep detec...
- **Status**: interrupted
- **Task Completed**: No
- **Promise Detected**: No
- **Started At**: 2026-05-11T20:24:09.651Z
- **Ended At**: 2026-05-11T20:33:37.977Z
- **Duration**: 9m 28s
- **Agent**: opencode
- **Epic**: quick-capture-66h
- **Sandbox Mode**: auto
- **Sandbox Network**: Enabled
--- RAW OUTPUT ---
[94m[read][0m
[94m[read][0m
[94m[read][0m
[94m[glob][0m [95m/home/gabriel/repositories/quick-capture/tests[0m pattern: [96m*.py[0m
[94m[glob][0m [95m/home/gabriel/repositories/quick-capture/src/quick_capture[0m pattern: [96m*.py[0m
[94m[read][0m
[94m[read][0m
[94m[read][0m
[94m[read][0m
[94m[read][0m
[94m[read][0m
[94m[read][0m
[94m[read][0m

--- STDERR ---
mise WARN  missing: go@1.26.3
